<?xml version="1.0" encoding="UTF-8"?>
<coverage generated="1779383487447" clover="3.2.0">
  <project timestamp="1779383487448" name="All files">
    <metrics statements="111" coveredstatements="111" conditionals="99" coveredconditionals="89" methods="29" coveredmethods="29" elements="239" coveredelements="229" complexity="0" loc="111" ncloc="111" packages="6" files="10" classes="10"/>
    <package name="components.common">
      <metrics statements="8" coveredstatements="8" conditionals="13" coveredconditionals="12" methods="2" coveredmethods="2"/>
      <file name="StatusBadge.jsx" path="C:\Users\DELL\Documents\squadup2\squad-up\src\components\common\StatusBadge.jsx">
        <metrics statements="4" coveredstatements="4" conditionals="5" coveredconditionals="5" methods="1" coveredmethods="1"/>
        <line num="4" count="1" type="cond" truecount="1" falsecount="0"/>
        <line num="6" count="3" type="cond" truecount="2" falsecount="0"/>
        <line num="9" count="3" type="cond" truecount="2" falsecount="0"/>
        <line num="11" count="3" type="stmt"/>
      </file>
      <file name="UserAvatar.jsx" path="C:\Users\DELL\Documents\squadup2\squad-up\src\components\common\UserAvatar.jsx">
        <metrics statements="4" coveredstatements="4" conditionals="8" coveredconditionals="7" methods="1" coveredmethods="1"/>
        <line num="1" count="2" type="cond" truecount="2" falsecount="0"/>
        <line num="3" count="5" type="cond" truecount="2" falsecount="0"/>
        <line num="4" count="1" type="stmt"/>
        <line num="14" count="4" type="stmt"/>
      </file>
    </package>
    <package name="components.projects">
      <metrics statements="11" coveredstatements="11" conditionals="19" coveredconditionals="18" methods="5" coveredmethods="5"/>
      <file name="ProjectCard.jsx" path="C:\Users\DELL\Documents\squadup2\squad-up\src\components\projects\ProjectCard.jsx">
        <metrics statements="11" coveredstatements="11" conditionals="19" coveredconditionals="18" methods="5" coveredmethods="5"/>
        <line num="8" count="1" type="cond" truecount="1" falsecount="0"/>
        <line num="10" count="2" type="stmt"/>
        <line num="11" count="2" type="cond" truecount="2" falsecount="0"/>
        <line num="14" count="2" type="cond" truecount="3" falsecount="0"/>
        <line num="15" count="2" type="stmt"/>
        <line num="17" count="2" type="cond" truecount="2" falsecount="1"/>
        <line num="19" count="2" type="stmt"/>
        <line num="20" count="6" type="stmt"/>
        <line num="24" count="2" type="stmt"/>
        <line num="68" count="5" type="stmt"/>
        <line num="69" count="5" type="stmt"/>
      </file>
    </package>
    <package name="components.ui">
      <metrics statements="2" coveredstatements="2" conditionals="0" coveredconditionals="0" methods="1" coveredmethods="1"/>
      <file name="Card.jsx" path="C:\Users\DELL\Documents\squadup2\squad-up\src\components\ui\Card.jsx">
        <metrics statements="2" coveredstatements="2" conditionals="0" coveredconditionals="0" methods="1" coveredmethods="1"/>
        <line num="3" count="1" type="stmt"/>
        <line num="4" count="2" type="stmt"/>
      </file>
    </package>
    <package name="hooks">
      <metrics statements="8" coveredstatements="8" conditionals="0" coveredconditionals="0" methods="4" coveredmethods="4"/>
      <file name="useDebounce.js" path="C:\Users\DELL\Documents\squadup2\squad-up\src\hooks\useDebounce.js">
        <metrics statements="8" coveredstatements="8" conditionals="0" coveredconditionals="0" methods="4" coveredmethods="4"/>
        <line num="10" count="1" type="stmt"/>
        <line num="11" count="4" type="stmt"/>
        <line num="13" count="4" type="stmt"/>
        <line num="15" count="3" type="stmt"/>
        <line num="16" count="1" type="stmt"/>
        <line num="21" count="3" type="stmt"/>
        <line num="22" count="3" type="stmt"/>
        <line num="26" count="4" type="stmt"/>
      </file>
    </package>
    <package name="services">
      <metrics statements="31" coveredstatements="31" conditionals="26" coveredconditionals="21" methods="7" coveredmethods="7"/>
      <file name="chatService.js" path="C:\Users\DELL\Documents\squadup2\squad-up\src\services\chatService.js">
        <metrics statements="31" coveredstatements="31" conditionals="26" coveredconditionals="21" methods="7" coveredmethods="7"/>
        <line num="7" count="2" type="stmt"/>
        <line num="8" count="1" type="stmt"/>
        <line num="11" count="1" type="cond" truecount="1" falsecount="1"/>
        <line num="12" count="1" type="stmt"/>
        <line num="18" count="2" type="stmt"/>
        <line num="19" count="2" type="cond" truecount="4" falsecount="0"/>
        <line num="21" count="1" type="stmt"/>
        <line num="28" count="1" type="cond" truecount="1" falsecount="1"/>
        <line num="29" count="1" type="stmt"/>
        <line num="36" count="2" type="cond" truecount="2" falsecount="0"/>
        <line num="37" count="2" type="stmt"/>
        <line num="44" count="2" type="cond" truecount="2" falsecount="0"/>
        <line num="45" count="1" type="stmt"/>
        <line num="48" count="2" type="stmt"/>
        <line num="50" count="2" type="cond" truecount="1" falsecount="1"/>
        <line num="53" count="2" type="stmt"/>
        <line num="56" count="2" type="stmt"/>
        <line num="57" count="1" type="stmt"/>
        <line num="63" count="1" type="cond" truecount="1" falsecount="1"/>
        <line num="65" count="1" type="stmt"/>
        <line num="66" count="1" type="stmt"/>
        <line num="67" count="3" type="cond" truecount="2" falsecount="0"/>
        <line num="69" count="1" type="stmt"/>
        <line num="72" count="2" type="stmt"/>
        <line num="73" count="2" type="cond" truecount="4" falsecount="0"/>
        <line num="74" count="1" type="stmt"/>
        <line num="75" count="1" type="cond" truecount="1" falsecount="1"/>
        <line num="78" count="2" type="stmt"/>
        <line num="79" count="3" type="stmt"/>
        <line num="83" count="3" type="cond" truecount="2" falsecount="0"/>
        <line num="84" count="2" type="stmt"/>
      </file>
    </package>
    <package name="utils">
      <metrics statements="51" coveredstatements="51" conditionals="41" coveredconditionals="38" methods="10" coveredmethods="10"/>
      <file name="cn.js" path="C:\Users\DELL\Documents\squadup2\squad-up\src\utils\cn.js">
        <metrics statements="1" coveredstatements="1" conditionals="0" coveredconditionals="0" methods="1" coveredmethods="1"/>
        <line num="9" count="7" type="stmt"/>
      </file>
      <file name="constants.js" path="C:\Users\DELL\Documents\squadup2\squad-up\src\utils\constants.js">
        <metrics statements="5" coveredstatements="5" conditionals="0" coveredconditionals="0" methods="0" coveredmethods="0"/>
        <line num="3" count="2" type="stmt"/>
        <line num="10" count="2" type="stmt"/>
        <line num="18" count="2" type="stmt"/>
        <line num="29" count="2" type="stmt"/>
        <line num="37" count="2" type="stmt"/>
      </file>
      <file name="formatDate.js" path="C:\Users\DELL\Documents\squadup2\squad-up\src\utils\formatDate.js">
        <metrics statements="13" coveredstatements="13" conditionals="13" coveredconditionals="13" methods="2" coveredmethods="2"/>
        <line num="5" count="2" type="cond" truecount="1" falsecount="0"/>
        <line num="6" count="7" type="cond" truecount="2" falsecount="0"/>
        <line num="8" count="5" type="stmt"/>
        <line num="9" count="5" type="stmt"/>
        <line num="12" count="5" type="cond" truecount="2" falsecount="0"/>
        <line num="13" count="1" type="stmt"/>
        <line num="17" count="4" type="stmt"/>
        <line num="18" count="4" type="cond" truecount="4" falsecount="0"/>
        <line num="19" count="1" type="stmt"/>
        <line num="23" count="3" type="stmt"/>
        <line num="33" count="2" type="stmt"/>
        <line num="34" count="3" type="cond" truecount="2" falsecount="0"/>
        <line num="35" count="2" type="stmt"/>
      </file>
      <file name="recommendationAlgo.js" path="C:\Users\DELL\Documents\squadup2\squad-up\src\utils\recommendationAlgo.js">
        <metrics statements="32" coveredstatements="32" conditionals="28" coveredconditionals="25" methods="7" coveredmethods="7"/>
        <line num="8" count="1" type="stmt"/>
        <line num="10" count="12" type="stmt"/>
        <line num="11" count="12" type="stmt"/>
        <line num="13" count="12" type="stmt"/>
        <line num="14" count="12" type="stmt"/>
        <line num="17" count="12" type="cond" truecount="4" falsecount="0"/>
        <line num="19" count="9" type="cond" truecount="1" falsecount="1"/>
        <line num="22" count="9" type="stmt"/>
        <line num="24" count="9" type="cond" truecount="2" falsecount="0"/>
        <line num="25" count="6" type="stmt"/>
        <line num="30" count="12" type="cond" truecount="4" falsecount="0"/>
        <line num="32" count="9" type="stmt"/>
        <line num="33" count="18" type="cond" truecount="1" falsecount="1"/>
        <line num="34" count="18" type="stmt"/>
        <line num="36" count="30" type="cond" truecount="2" falsecount="0"/>
        <line num="37" count="5" type="cond" truecount="4" falsecount="0"/>
        <line num="38" count="2" type="stmt"/>
        <line num="43" count="9" type="stmt"/>
        <line num="44" count="9" type="stmt"/>
        <line num="47" count="9" type="stmt"/>
        <line num="48" count="14" type="stmt"/>
        <line num="52" count="9" type="stmt"/>
        <line num="55" count="9" type="cond" truecount="1" falsecount="1"/>
        <line num="56" count="9" type="stmt"/>
        <line num="62" count="12" type="stmt"/>
        <line num="64" count="12" type="stmt"/>
        <line num="71" count="1" type="stmt"/>
        <line num="72" count="3" type="cond" truecount="6" falsecount="0"/>
        <line num="74" count="1" type="stmt"/>
        <line num="75" count="3" type="stmt"/>
        <line num="76" count="3" type="stmt"/>
        <line num="85" count="4" type="stmt"/>
      </file>
    </package>
  </project>
</coverage>
