{"C:\\Users\\DELL\\Documents\\squadup2\\squad-up\\src\\components\\common\\StatusBadge.jsx": {"path":"C:\\Users\\DELL\\Documents\\squadup2\\squad-up\\src\\components\\common\\StatusBadge.jsx","statementMap":{"0":{"start":{"line":4,"column":20},"end":{"line":16,"column":null}},"1":{"start":{"line":6,"column":21},"end":{"line":6,"column":null}},"2":{"start":{"line":9,"column":16},"end":{"line":9,"column":null}},"3":{"start":{"line":11,"column":2},"end":{"line":14,"column":null}}},"fnMap":{"0":{"name":"(anonymous_0)","decl":{"start":{"line":4,"column":20},"end":{"line":4,"column":21}},"loc":{"start":{"line":4,"column":52},"end":{"line":16,"column":null}},"line":4}},"branchMap":{"0":{"loc":{"start":{"line":4,"column":31},"end":{"line":4,"column":46}},"type":"default-arg","locations":[{"start":{"line":4,"column":43},"end":{"line":4,"column":46}}],"line":4},"1":{"loc":{"start":{"line":6,"column":21},"end":{"line":6,"column":null}},"type":"binary-expr","locations":[{"start":{"line":6,"column":21},"end":{"line":6,"column":31}},{"start":{"line":6,"column":31},"end":{"line":6,"column":null}}],"line":6},"2":{"loc":{"start":{"line":9,"column":16},"end":{"line":9,"column":null}},"type":"binary-expr","locations":[{"start":{"line":9,"column":16},"end":{"line":9,"column":57}},{"start":{"line":9,"column":57},"end":{"line":9,"column":null}}],"line":9}},"s":{"0":1,"1":3,"2":3,"3":3},"f":{"0":3},"b":{"0":[3],"1":[3,1],"2":[3,1]},"meta":{"lastBranch":3,"lastFunction":1,"lastStatement":4,"seen":{"s:4:20:16:Infinity":0,"f:4:20:4:21":0,"b:4:43:4:46":0,"s:6:21:6:Infinity":1,"b:6:21:6:31:6:31:6:Infinity":1,"s:9:16:9:Infinity":2,"b:9:16:9:57:9:57:9:Infinity":2,"s:11:2:14:Infinity":3}}}
,"C:\\Users\\DELL\\Documents\\squadup2\\squad-up\\src\\components\\common\\UserAvatar.jsx": {"path":"C:\\Users\\DELL\\Documents\\squadup2\\squad-up\\src\\components\\common\\UserAvatar.jsx","statementMap":{"0":{"start":{"line":1,"column":19},"end":{"line":19,"column":null}},"1":{"start":{"line":3,"column":2},"end":{"line":11,"column":null}},"2":{"start":{"line":4,"column":4},"end":{"line":9,"column":null}},"3":{"start":{"line":14,"column":2},"end":{"line":17,"column":null}}},"fnMap":{"0":{"name":"(anonymous_0)","decl":{"start":{"line":1,"column":19},"end":{"line":1,"column":20}},"loc":{"start":{"line":1,"column":91},"end":{"line":19,"column":null}},"line":1}},"branchMap":{"0":{"loc":{"start":{"line":1,"column":39},"end":{"line":1,"column":64}},"type":"default-arg","locations":[{"start":{"line":1,"column":51},"end":{"line":1,"column":64}}],"line":1},"1":{"loc":{"start":{"line":1,"column":64},"end":{"line":1,"column":85}},"type":"default-arg","locations":[{"start":{"line":1,"column":75},"end":{"line":1,"column":85}}],"line":1},"2":{"loc":{"start":{"line":3,"column":2},"end":{"line":11,"column":null}},"type":"if","locations":[{"start":{"line":3,"column":2},"end":{"line":11,"column":null}},{"start":{},"end":{}}],"line":3},"3":{"loc":{"start":{"line":7,"column":13},"end":{"line":7,"column":null}},"type":"binary-expr","locations":[{"start":{"line":7,"column":13},"end":{"line":7,"column":21}},{"start":{"line":7,"column":21},"end":{"line":7,"column":null}}],"line":7},"4":{"loc":{"start":{"line":16,"column":7},"end":{"line":16,"column":null}},"type":"cond-expr","locations":[{"start":{"line":16,"column":14},"end":{"line":16,"column":31}},{"start":{"line":16,"column":31},"end":{"line":16,"column":null}}],"line":16}},"s":{"0":2,"1":5,"2":1,"3":4},"f":{"0":5},"b":{"0":[5],"1":[5],"2":[1,4],"3":[1,0],"4":[3,1]},"meta":{"lastBranch":5,"lastFunction":1,"lastStatement":4,"seen":{"s:1:19:19:Infinity":0,"f:1:19:1:20":0,"b:1:51:1:64":0,"b:1:75:1:85":1,"b:3:2:11:Infinity:undefined:undefined:undefined:undefined":2,"s:3:2:11:Infinity":1,"s:4:4:9:Infinity":2,"b:7:13:7:21:7:21:7:Infinity":3,"s:14:2:17:Infinity":3,"b:16:14:16:31:16:31:16:Infinity":4}}}
,"C:\\Users\\DELL\\Documents\\squadup2\\squad-up\\src\\components\\projects\\ProjectCard.jsx": {"path":"C:\\Users\\DELL\\Documents\\squadup2\\squad-up\\src\\components\\projects\\ProjectCard.jsx","statementMap":{"0":{"start":{"line":8,"column":20},"end":{"line":113,"column":null}},"1":{"start":{"line":10,"column":24},"end":{"line":12,"column":null}},"2":{"start":{"line":11,"column":4},"end":{"line":11,"column":null}},"3":{"start":{"line":14,"column":21},"end":{"line":14,"column":null}},"4":{"start":{"line":15,"column":23},"end":{"line":15,"column":null}},"5":{"start":{"line":17,"column":21},"end":{"line":17,"column":null}},"6":{"start":{"line":19,"column":25},"end":{"line":21,"column":null}},"7":{"start":{"line":20,"column":4},"end":{"line":20,"column":null}},"8":{"start":{"line":20,"column":36},"end":{"line":20,"column":77}},"9":{"start":{"line":24,"column":2},"end":{"line":111,"column":null}},"10":{"start":{"line":68,"column":28},"end":{"line":68,"column":null}},"11":{"start":{"line":69,"column":12},"end":{"line":79,"column":null}}},"fnMap":{"0":{"name":"(anonymous_0)","decl":{"start":{"line":8,"column":20},"end":{"line":8,"column":21}},"loc":{"start":{"line":8,"column":54},"end":{"line":113,"column":null}},"line":8},"1":{"name":"(anonymous_1)","decl":{"start":{"line":10,"column":24},"end":{"line":10,"column":25}},"loc":{"start":{"line":10,"column":34},"end":{"line":12,"column":null}},"line":10},"2":{"name":"(anonymous_2)","decl":{"start":{"line":19,"column":25},"end":{"line":19,"column":26}},"loc":{"start":{"line":19,"column":34},"end":{"line":21,"column":null}},"line":19},"3":{"name":"(anonymous_3)","decl":{"start":{"line":20,"column":27},"end":{"line":20,"column":36}},"loc":{"start":{"line":20,"column":36},"end":{"line":20,"column":77}},"line":20},"4":{"name":"(anonymous_4)","decl":{"start":{"line":67,"column":38},"end":{"line":67,"column":39}},"loc":{"start":{"line":67,"column":47},"end":{"line":81,"column":11}},"line":67}},"branchMap":{"0":{"loc":{"start":{"line":8,"column":32},"end":{"line":8,"column":48}},"type":"default-arg","locations":[{"start":{"line":8,"column":45},"end":{"line":8,"column":48}}],"line":8},"1":{"loc":{"start":{"line":11,"column":11},"end":{"line":11,"column":null}},"type":"binary-expr","locations":[{"start":{"line":11,"column":11},"end":{"line":11,"column":40}},{"start":{"line":11,"column":40},"end":{"line":11,"column":null}}],"line":11},"2":{"loc":{"start":{"line":14,"column":21},"end":{"line":14,"column":null}},"type":"binary-expr","locations":[{"start":{"line":14,"column":21},"end":{"line":14,"column":52}},{"start":{"line":14,"column":52},"end":{"line":14,"column":70}},{"start":{"line":14,"column":70},"end":{"line":14,"column":null}}],"line":14},"3":{"loc":{"start":{"line":17,"column":21},"end":{"line":17,"column":null}},"type":"binary-expr","locations":[{"start":{"line":17,"column":21},"end":{"line":17,"column":39}},{"start":{"line":17,"column":39},"end":{"line":17,"column":55}},{"start":{"line":17,"column":55},"end":{"line":17,"column":null}}],"line":17},"4":{"loc":{"start":{"line":40,"column":19},"end":{"line":40,"column":69}},"type":"binary-expr","locations":[{"start":{"line":40,"column":19},"end":{"line":40,"column":45}},{"start":{"line":40,"column":45},"end":{"line":40,"column":69}}],"line":40},"5":{"loc":{"start":{"line":40,"column":71},"end":{"line":40,"column":113}},"type":"binary-expr","locations":[{"start":{"line":40,"column":71},"end":{"line":40,"column":93}},{"start":{"line":40,"column":93},"end":{"line":40,"column":113}}],"line":40},"6":{"loc":{"start":{"line":73,"column":18},"end":{"line":75,"column":null}},"type":"cond-expr","locations":[{"start":{"line":74,"column":22},"end":{"line":74,"column":null}},{"start":{"line":75,"column":22},"end":{"line":75,"column":null}}],"line":73},"7":{"loc":{"start":{"line":82,"column":11},"end":{"line":85,"column":null}},"type":"binary-expr","locations":[{"start":{"line":82,"column":11},"end":{"line":82,"column":null}},{"start":{"line":83,"column":12},"end":{"line":85,"column":null}}],"line":82},"8":{"loc":{"start":{"line":98,"column":22},"end":{"line":98,"column":53}},"type":"binary-expr","locations":[{"start":{"line":98,"column":22},"end":{"line":98,"column":42}},{"start":{"line":98,"column":42},"end":{"line":98,"column":53}}],"line":98}},"s":{"0":1,"1":2,"2":2,"3":2,"4":2,"5":2,"6":2,"7":5,"8":6,"9":2,"10":5,"11":5},"f":{"0":2,"1":2,"2":5,"3":6,"4":5},"b":{"0":[2],"1":[2,1],"2":[2,1,1],"3":[2,1,0],"4":[2,1],"5":[2,1],"6":[1,4],"7":[2,1],"8":[2,1]},"meta":{"lastBranch":9,"lastFunction":5,"lastStatement":12,"seen":{"s:8:20:113:Infinity":0,"f:8:20:8:21":0,"b:8:45:8:48":0,"s:10:24:12:Infinity":1,"f:10:24:10:25":1,"s:11:4:11:Infinity":2,"b:11:11:11:40:11:40:11:Infinity":1,"s:14:21:14:Infinity":3,"b:14:21:14:52:14:52:14:70:14:70:14:Infinity":2,"s:15:23:15:Infinity":4,"s:17:21:17:Infinity":5,"b:17:21:17:39:17:39:17:55:17:55:17:Infinity":3,"s:19:25:21:Infinity":6,"f:19:25:19:26":2,"s:20:4:20:Infinity":7,"f:20:27:20:36":3,"s:20:36:20:77":8,"s:24:2:111:Infinity":9,"b:40:19:40:45:40:45:40:69":4,"b:40:71:40:93:40:93:40:113":5,"f:67:38:67:39":4,"s:68:28:68:Infinity":10,"s:69:12:79:Infinity":11,"b:74:22:74:Infinity:75:22:75:Infinity":6,"b:82:11:82:Infinity:83:12:85:Infinity":7,"b:98:22:98:42:98:42:98:53":8}}}
,"C:\\Users\\DELL\\Documents\\squadup2\\squad-up\\src\\components\\ui\\Card.jsx": {"path":"C:\\Users\\DELL\\Documents\\squadup2\\squad-up\\src\\components\\ui\\Card.jsx","statementMap":{"0":{"start":{"line":3,"column":13},"end":{"line":22,"column":null}},"1":{"start":{"line":4,"column":2},"end":{"line":20,"column":null}}},"fnMap":{"0":{"name":"(anonymous_0)","decl":{"start":{"line":3,"column":13},"end":{"line":3,"column":14}},"loc":{"start":{"line":3,"column":52},"end":{"line":22,"column":null}},"line":3}},"branchMap":{},"s":{"0":1,"1":2},"f":{"0":2},"b":{},"meta":{"lastBranch":0,"lastFunction":1,"lastStatement":2,"seen":{"s:3:13:22:Infinity":0,"f:3:13:3:14":0,"s:4:2:20:Infinity":1}}}
,"C:\\Users\\DELL\\Documents\\squadup2\\squad-up\\src\\hooks\\useDebounce.js": {"path":"C:\\Users\\DELL\\Documents\\squadup2\\squad-up\\src\\hooks\\useDebounce.js","statementMap":{"0":{"start":{"line":10,"column":27},"end":{"line":27,"column":1}},"1":{"start":{"line":11,"column":45},"end":{"line":11,"column":61}},"2":{"start":{"line":13,"column":1},"end":{"line":24,"column":21}},"3":{"start":{"line":15,"column":20},"end":{"line":17,"column":13}},"4":{"start":{"line":16,"column":6},"end":{"line":16,"column":31}},"5":{"start":{"line":21,"column":4},"end":{"line":23,"column":6}},"6":{"start":{"line":22,"column":6},"end":{"line":22,"column":28}},"7":{"start":{"line":26,"column":2},"end":{"line":26,"column":24}}},"fnMap":{"0":{"name":"(anonymous_0)","decl":{"start":{"line":10,"column":27},"end":{"line":10,"column":28}},"loc":{"start":{"line":10,"column":45},"end":{"line":27,"column":1}},"line":10},"1":{"name":"(anonymous_1)","decl":{"start":{"line":13,"column":12},"end":{"line":13,"column":13}},"loc":{"start":{"line":13,"column":18},"end":{"line":24,"column":3}},"line":13},"2":{"name":"(anonymous_2)","decl":{"start":{"line":15,"column":31},"end":{"line":15,"column":32}},"loc":{"start":{"line":15,"column":37},"end":{"line":17,"column":5}},"line":15},"3":{"name":"(anonymous_3)","decl":{"start":{"line":21,"column":11},"end":{"line":21,"column":12}},"loc":{"start":{"line":21,"column":17},"end":{"line":23,"column":5}},"line":21}},"branchMap":{},"s":{"0":1,"1":4,"2":4,"3":3,"4":1,"5":3,"6":3,"7":4},"f":{"0":4,"1":3,"2":1,"3":3},"b":{},"meta":{"lastBranch":0,"lastFunction":4,"lastStatement":8,"seen":{"s:10:27:27:1":0,"f:10:27:10:28":0,"s:11:45:11:61":1,"s:13:1:24:21":2,"f:13:12:13:13":1,"s:15:20:17:13":3,"f:15:31:15:32":2,"s:16:6:16:31":4,"s:21:4:23:6":5,"f:21:11:21:12":3,"s:22:6:22:28":6,"s:26:2:26:24":7}}}
,"C:\\Users\\DELL\\Documents\\squadup2\\squad-up\\src\\services\\chatService.js": {"path":"C:\\Users\\DELL\\Documents\\squadup2\\squad-up\\src\\services\\chatService.js","statementMap":{"0":{"start":{"line":7,"column":37},"end":{"line":13,"column":1}},"1":{"start":{"line":8,"column":26},"end":{"line":9,"column":72}},"2":{"start":{"line":11,"column":2},"end":{"line":11,"column":25}},"3":{"start":{"line":11,"column":13},"end":{"line":11,"column":25}},"4":{"start":{"line":12,"column":2},"end":{"line":12,"column":14}},"5":{"start":{"line":18,"column":27},"end":{"line":30,"column":1}},"6":{"start":{"line":19,"column":2},"end":{"line":19,"column":44}},"7":{"start":{"line":19,"column":34},"end":{"line":19,"column":44}},"8":{"start":{"line":21,"column":26},"end":{"line":26,"column":14}},"9":{"start":{"line":28,"column":2},"end":{"line":28,"column":25}},"10":{"start":{"line":28,"column":13},"end":{"line":28,"column":25}},"11":{"start":{"line":29,"column":2},"end":{"line":29,"column":14}},"12":{"start":{"line":36,"column":31},"end":{"line":54,"column":1}},"13":{"start":{"line":37,"column":14},"end":{"line":42,"column":17}},"14":{"start":{"line":44,"column":2},"end":{"line":46,"column":3}},"15":{"start":{"line":45,"column":4},"end":{"line":45,"column":50}},"16":{"start":{"line":48,"column":26},"end":{"line":48,"column":37}},"17":{"start":{"line":50,"column":2},"end":{"line":50,"column":25}},"18":{"start":{"line":50,"column":13},"end":{"line":50,"column":25}},"19":{"start":{"line":53,"column":2},"end":{"line":53,"column":24}},"20":{"start":{"line":56,"column":33},"end":{"line":70,"column":1}},"21":{"start":{"line":57,"column":26},"end":{"line":61,"column":25}},"22":{"start":{"line":63,"column":2},"end":{"line":63,"column":25}},"23":{"start":{"line":63,"column":13},"end":{"line":63,"column":25}},"24":{"start":{"line":65,"column":14},"end":{"line":65,"column":16}},"25":{"start":{"line":66,"column":2},"end":{"line":68,"column":5}},"26":{"start":{"line":67,"column":4},"end":{"line":67,"column":55}},"27":{"start":{"line":69,"column":2},"end":{"line":69,"column":13}},"28":{"start":{"line":72,"column":34},"end":{"line":76,"column":1}},"29":{"start":{"line":73,"column":2},"end":{"line":73,"column":53}},"30":{"start":{"line":73,"column":46},"end":{"line":73,"column":53}},"31":{"start":{"line":74,"column":20},"end":{"line":74,"column":98}},"32":{"start":{"line":75,"column":2},"end":{"line":75,"column":25}},"33":{"start":{"line":75,"column":13},"end":{"line":75,"column":25}},"34":{"start":{"line":78,"column":32},"end":{"line":85,"column":1}},"35":{"start":{"line":79,"column":26},"end":{"line":82,"column":22}},"36":{"start":{"line":83,"column":2},"end":{"line":83,"column":25}},"37":{"start":{"line":83,"column":13},"end":{"line":83,"column":25}},"38":{"start":{"line":84,"column":2},"end":{"line":84,"column":14}}},"fnMap":{"0":{"name":"(anonymous_0)","decl":{"start":{"line":7,"column":37},"end":{"line":7,"column":42}},"loc":{"start":{"line":7,"column":62},"end":{"line":13,"column":1}},"line":7},"1":{"name":"(anonymous_1)","decl":{"start":{"line":18,"column":27},"end":{"line":18,"column":32}},"loc":{"start":{"line":18,"column":59},"end":{"line":30,"column":1}},"line":18},"2":{"name":"(anonymous_2)","decl":{"start":{"line":36,"column":31},"end":{"line":36,"column":36}},"loc":{"start":{"line":36,"column":89},"end":{"line":54,"column":1}},"line":36},"3":{"name":"(anonymous_3)","decl":{"start":{"line":56,"column":33},"end":{"line":56,"column":38}},"loc":{"start":{"line":56,"column":58},"end":{"line":70,"column":1}},"line":56},"4":{"name":"(anonymous_4)","decl":{"start":{"line":66,"column":16},"end":{"line":66,"column":19}},"loc":{"start":{"line":66,"column":23},"end":{"line":68,"column":3}},"line":66},"5":{"name":"(anonymous_5)","decl":{"start":{"line":72,"column":34},"end":{"line":72,"column":39}},"loc":{"start":{"line":72,"column":56},"end":{"line":76,"column":1}},"line":72},"6":{"name":"(anonymous_6)","decl":{"start":{"line":78,"column":32},"end":{"line":78,"column":37}},"loc":{"start":{"line":78,"column":73},"end":{"line":85,"column":1}},"line":78}},"branchMap":{"0":{"loc":{"start":{"line":11,"column":2},"end":{"line":11,"column":25}},"type":"if","locations":[{"start":{"line":11,"column":2},"end":{"line":11,"column":25}},{"start":{},"end":{}}],"line":11},"1":{"loc":{"start":{"line":19,"column":2},"end":{"line":19,"column":44}},"type":"if","locations":[{"start":{"line":19,"column":2},"end":{"line":19,"column":44}},{"start":{},"end":{}}],"line":19},"2":{"loc":{"start":{"line":19,"column":6},"end":{"line":19,"column":32}},"type":"binary-expr","locations":[{"start":{"line":19,"column":6},"end":{"line":19,"column":12}},{"start":{"line":19,"column":16},"end":{"line":19,"column":32}}],"line":19},"3":{"loc":{"start":{"line":28,"column":2},"end":{"line":28,"column":25}},"type":"if","locations":[{"start":{"line":28,"column":2},"end":{"line":28,"column":25}},{"start":{},"end":{}}],"line":28},"4":{"loc":{"start":{"line":36,"column":52},"end":{"line":36,"column":62}},"type":"default-arg","locations":[{"start":{"line":36,"column":60},"end":{"line":36,"column":62}}],"line":36},"5":{"loc":{"start":{"line":36,"column":64},"end":{"line":36,"column":84}},"type":"default-arg","locations":[{"start":{"line":36,"column":80},"end":{"line":36,"column":84}}],"line":36},"6":{"loc":{"start":{"line":44,"column":2},"end":{"line":46,"column":3}},"type":"if","locations":[{"start":{"line":44,"column":2},"end":{"line":46,"column":3}},{"start":{},"end":{}}],"line":44},"7":{"loc":{"start":{"line":50,"column":2},"end":{"line":50,"column":25}},"type":"if","locations":[{"start":{"line":50,"column":2},"end":{"line":50,"column":25}},{"start":{},"end":{}}],"line":50},"8":{"loc":{"start":{"line":63,"column":2},"end":{"line":63,"column":25}},"type":"if","locations":[{"start":{"line":63,"column":2},"end":{"line":63,"column":25}},{"start":{},"end":{}}],"line":63},"9":{"loc":{"start":{"line":67,"column":26},"end":{"line":67,"column":49}},"type":"binary-expr","locations":[{"start":{"line":67,"column":26},"end":{"line":67,"column":44}},{"start":{"line":67,"column":48},"end":{"line":67,"column":49}}],"line":67},"10":{"loc":{"start":{"line":73,"column":2},"end":{"line":73,"column":53}},"type":"if","locations":[{"start":{"line":73,"column":2},"end":{"line":73,"column":53}},{"start":{},"end":{}}],"line":73},"11":{"loc":{"start":{"line":73,"column":6},"end":{"line":73,"column":44}},"type":"binary-expr","locations":[{"start":{"line":73,"column":6},"end":{"line":73,"column":17}},{"start":{"line":73,"column":21},"end":{"line":73,"column":44}}],"line":73},"12":{"loc":{"start":{"line":75,"column":2},"end":{"line":75,"column":25}},"type":"if","locations":[{"start":{"line":75,"column":2},"end":{"line":75,"column":25}},{"start":{},"end":{}}],"line":75},"13":{"loc":{"start":{"line":83,"column":2},"end":{"line":83,"column":25}},"type":"if","locations":[{"start":{"line":83,"column":2},"end":{"line":83,"column":25}},{"start":{},"end":{}}],"line":83}},"s":{"0":2,"1":1,"2":1,"3":0,"4":1,"5":2,"6":2,"7":1,"8":1,"9":1,"10":0,"11":1,"12":2,"13":2,"14":2,"15":1,"16":2,"17":2,"18":0,"19":2,"20":2,"21":1,"22":1,"23":0,"24":1,"25":1,"26":3,"27":1,"28":2,"29":2,"30":1,"31":1,"32":1,"33":0,"34":2,"35":3,"36":3,"37":1,"38":2},"f":{"0":1,"1":2,"2":2,"3":1,"4":3,"5":2,"6":3},"b":{"0":[0,1],"1":[1,1],"2":[2,2],"3":[0,1],"4":[2],"5":[2],"6":[1,1],"7":[0,2],"8":[0,1],"9":[3,2],"10":[1,1],"11":[2,2],"12":[0,1],"13":[1,2]},"meta":{"lastBranch":14,"lastFunction":7,"lastStatement":39,"seen":{"s:7:37:13:1":0,"f:7:37:7:42":0,"s:8:26:9:72":1,"b:11:2:11:25:undefined:undefined:undefined:undefined":0,"s:11:2:11:25":2,"s:11:13:11:25":3,"s:12:2:12:14":4,"s:18:27:30:1":5,"f:18:27:18:32":1,"b:19:2:19:44:undefined:undefined:undefined:undefined":1,"s:19:2:19:44":6,"b:19:6:19:12:19:16:19:32":2,"s:19:34:19:44":7,"s:21:26:26:14":8,"b:28:2:28:25:undefined:undefined:undefined:undefined":3,"s:28:2:28:25":9,"s:28:13:28:25":10,"s:29:2:29:14":11,"s:36:31:54:1":12,"f:36:31:36:36":2,"b:36:60:36:62":4,"b:36:80:36:84":5,"s:37:14:42:17":13,"b:44:2:46:3:undefined:undefined:undefined:undefined":6,"s:44:2:46:3":14,"s:45:4:45:50":15,"s:48:26:48:37":16,"b:50:2:50:25:undefined:undefined:undefined:undefined":7,"s:50:2:50:25":17,"s:50:13:50:25":18,"s:53:2:53:24":19,"s:56:33:70:1":20,"f:56:33:56:38":3,"s:57:26:61:25":21,"b:63:2:63:25:undefined:undefined:undefined:undefined":8,"s:63:2:63:25":22,"s:63:13:63:25":23,"s:65:14:65:16":24,"s:66:2:68:5":25,"f:66:16:66:19":4,"s:67:4:67:55":26,"b:67:26:67:44:67:48:67:49":9,"s:69:2:69:13":27,"s:72:34:76:1":28,"f:72:34:72:39":5,"b:73:2:73:53:undefined:undefined:undefined:undefined":10,"s:73:2:73:53":29,"b:73:6:73:17:73:21:73:44":11,"s:73:46:73:53":30,"s:74:20:74:98":31,"b:75:2:75:25:undefined:undefined:undefined:undefined":12,"s:75:2:75:25":32,"s:75:13:75:25":33,"s:78:32:85:1":34,"f:78:32:78:37":6,"s:79:26:82:22":35,"b:83:2:83:25:undefined:undefined:undefined:undefined":13,"s:83:2:83:25":36,"s:83:13:83:25":37,"s:84:2:84:14":38}}}
,"C:\\Users\\DELL\\Documents\\squadup2\\squad-up\\src\\utils\\cn.js": {"path":"C:\\Users\\DELL\\Documents\\squadup2\\squad-up\\src\\utils\\cn.js","statementMap":{"0":{"start":{"line":9,"column":2},"end":{"line":9,"column":31}}},"fnMap":{"0":{"name":"cn","decl":{"start":{"line":8,"column":16},"end":{"line":8,"column":18}},"loc":{"start":{"line":8,"column":30},"end":{"line":10,"column":null}},"line":8}},"branchMap":{},"s":{"0":7},"f":{"0":7},"b":{},"meta":{"lastBranch":0,"lastFunction":1,"lastStatement":1,"seen":{"f:8:16:8:18":0,"s:9:2:9:31":0}}}
,"C:\\Users\\DELL\\Documents\\squadup2\\squad-up\\src\\utils\\constants.js": {"path":"C:\\Users\\DELL\\Documents\\squadup2\\squad-up\\src\\utils\\constants.js","statementMap":{"0":{"start":{"line":3,"column":34},"end":{"line":8,"column":1}},"1":{"start":{"line":10,"column":30},"end":{"line":14,"column":1}},"2":{"start":{"line":18,"column":35},"end":{"line":26,"column":1}},"3":{"start":{"line":29,"column":41},"end":{"line":35,"column":1}},"4":{"start":{"line":37,"column":27},"end":{"line":43,"column":1}}},"fnMap":{},"branchMap":{},"s":{"0":2,"1":2,"2":2,"3":2,"4":2},"f":{},"b":{},"meta":{"lastBranch":0,"lastFunction":0,"lastStatement":5,"seen":{"s:3:34:8:1":0,"s:10:30:14:1":1,"s:18:35:26:1":2,"s:29:41:35:1":3,"s:37:27:43:1":4}}}
,"C:\\Users\\DELL\\Documents\\squadup2\\squad-up\\src\\utils\\formatDate.js": {"path":"C:\\Users\\DELL\\Documents\\squadup2\\squad-up\\src\\utils\\formatDate.js","statementMap":{"0":{"start":{"line":5,"column":26},"end":{"line":28,"column":1}},"1":{"start":{"line":6,"column":2},"end":{"line":6,"column":29}},"2":{"start":{"line":6,"column":19},"end":{"line":6,"column":29}},"3":{"start":{"line":8,"column":15},"end":{"line":8,"column":35}},"4":{"start":{"line":9,"column":14},"end":{"line":9,"column":24}},"5":{"start":{"line":12,"column":2},"end":{"line":14,"column":3}},"6":{"start":{"line":13,"column":4},"end":{"line":13,"column":79}},"7":{"start":{"line":17,"column":18},"end":{"line":17,"column":60}},"8":{"start":{"line":18,"column":2},"end":{"line":20,"column":3}},"9":{"start":{"line":19,"column":4},"end":{"line":19,"column":79}},"10":{"start":{"line":23,"column":2},"end":{"line":27,"column":5}},"11":{"start":{"line":33,"column":30},"end":{"line":36,"column":1}},"12":{"start":{"line":34,"column":2},"end":{"line":34,"column":29}},"13":{"start":{"line":34,"column":19},"end":{"line":34,"column":29}},"14":{"start":{"line":35,"column":2},"end":{"line":35,"column":58}}},"fnMap":{"0":{"name":"(anonymous_0)","decl":{"start":{"line":5,"column":26},"end":{"line":5,"column":27}},"loc":{"start":{"line":5,"column":56},"end":{"line":28,"column":1}},"line":5},"1":{"name":"(anonymous_1)","decl":{"start":{"line":33,"column":30},"end":{"line":33,"column":31}},"loc":{"start":{"line":33,"column":46},"end":{"line":36,"column":1}},"line":33}},"branchMap":{"0":{"loc":{"start":{"line":5,"column":39},"end":{"line":5,"column":51}},"type":"default-arg","locations":[{"start":{"line":5,"column":49},"end":{"line":5,"column":51}}],"line":5},"1":{"loc":{"start":{"line":6,"column":2},"end":{"line":6,"column":29}},"type":"if","locations":[{"start":{"line":6,"column":2},"end":{"line":6,"column":29}},{"start":{},"end":{}}],"line":6},"2":{"loc":{"start":{"line":12,"column":2},"end":{"line":14,"column":3}},"type":"if","locations":[{"start":{"line":12,"column":2},"end":{"line":14,"column":3}},{"start":{},"end":{}}],"line":12},"3":{"loc":{"start":{"line":18,"column":2},"end":{"line":20,"column":3}},"type":"if","locations":[{"start":{"line":18,"column":2},"end":{"line":20,"column":3}},{"start":{},"end":{}}],"line":18},"4":{"loc":{"start":{"line":18,"column":6},"end":{"line":18,"column":33}},"type":"binary-expr","locations":[{"start":{"line":18,"column":6},"end":{"line":18,"column":13}},{"start":{"line":18,"column":17},"end":{"line":18,"column":33}}],"line":18},"5":{"loc":{"start":{"line":26,"column":10},"end":{"line":26,"column":74}},"type":"cond-expr","locations":[{"start":{"line":26,"column":53},"end":{"line":26,"column":62}},{"start":{"line":26,"column":65},"end":{"line":26,"column":74}}],"line":26},"6":{"loc":{"start":{"line":34,"column":2},"end":{"line":34,"column":29}},"type":"if","locations":[{"start":{"line":34,"column":2},"end":{"line":34,"column":29}},{"start":{},"end":{}}],"line":34}},"s":{"0":2,"1":7,"2":2,"3":5,"4":5,"5":5,"6":1,"7":4,"8":4,"9":1,"10":3,"11":2,"12":3,"13":1,"14":2},"f":{"0":7,"1":3},"b":{"0":[7],"1":[2,5],"2":[1,4],"3":[1,3],"4":[4,1],"5":[2,1],"6":[1,2]},"meta":{"lastBranch":7,"lastFunction":2,"lastStatement":15,"seen":{"s:5:26:28:1":0,"f:5:26:5:27":0,"b:5:49:5:51":0,"b:6:2:6:29:undefined:undefined:undefined:undefined":1,"s:6:2:6:29":1,"s:6:19:6:29":2,"s:8:15:8:35":3,"s:9:14:9:24":4,"b:12:2:14:3:undefined:undefined:undefined:undefined":2,"s:12:2:14:3":5,"s:13:4:13:79":6,"s:17:18:17:60":7,"b:18:2:20:3:undefined:undefined:undefined:undefined":3,"s:18:2:20:3":8,"b:18:6:18:13:18:17:18:33":4,"s:19:4:19:79":9,"s:23:2:27:5":10,"b:26:53:26:62:26:65:26:74":5,"s:33:30:36:1":11,"f:33:30:33:31":1,"b:34:2:34:29:undefined:undefined:undefined:undefined":6,"s:34:2:34:29":12,"s:34:19:34:29":13,"s:35:2:35:58":14}}}
,"C:\\Users\\DELL\\Documents\\squadup2\\squad-up\\src\\utils\\recommendationAlgo.js": {"path":"C:\\Users\\DELL\\Documents\\squadup2\\squad-up\\src\\utils\\recommendationAlgo.js","statementMap":{"0":{"start":{"line":8,"column":37},"end":{"line":65,"column":1}},"1":{"start":{"line":10,"column":26},"end":{"line":10,"column":29}},"2":{"start":{"line":11,"column":24},"end":{"line":11,"column":27}},"3":{"start":{"line":13,"column":22},"end":{"line":13,"column":23}},"4":{"start":{"line":14,"column":20},"end":{"line":14,"column":21}},"5":{"start":{"line":17,"column":2},"end":{"line":27,"column":3}},"6":{"start":{"line":19,"column":23},"end":{"line":21,"column":10}},"7":{"start":{"line":22,"column":25},"end":{"line":22,"column":52}},"8":{"start":{"line":24,"column":4},"end":{"line":26,"column":5}},"9":{"start":{"line":25,"column":6},"end":{"line":25,"column":26}},"10":{"start":{"line":30,"column":2},"end":{"line":58,"column":3}},"11":{"start":{"line":32,"column":28},"end":{"line":41,"column":5}},"12":{"start":{"line":33,"column":6},"end":{"line":33,"column":49}},"13":{"start":{"line":33,"column":39},"end":{"line":33,"column":49}},"14":{"start":{"line":34,"column":6},"end":{"line":40,"column":25}},"15":{"start":{"line":36,"column":10},"end":{"line":36,"column":66}},"16":{"start":{"line":36,"column":40},"end":{"line":36,"column":66}},"17":{"start":{"line":37,"column":10},"end":{"line":37,"column":84}},"18":{"start":{"line":37,"column":53},"end":{"line":37,"column":84}},"19":{"start":{"line":38,"column":10},"end":{"line":38,"column":22}},"20":{"start":{"line":43,"column":25},"end":{"line":43,"column":69}},"21":{"start":{"line":44,"column":28},"end":{"line":44,"column":68}},"22":{"start":{"line":47,"column":25},"end":{"line":49,"column":5}},"23":{"start":{"line":48,"column":36},"end":{"line":48,"column":58}},"24":{"start":{"line":52,"column":18},"end":{"line":52,"column":64}},"25":{"start":{"line":55,"column":4},"end":{"line":57,"column":5}},"26":{"start":{"line":56,"column":6},"end":{"line":56,"column":51}},"27":{"start":{"line":62,"column":21},"end":{"line":62,"column":86}},"28":{"start":{"line":64,"column":2},"end":{"line":64,"column":20}},"29":{"start":{"line":71,"column":39},"end":{"line":86,"column":1}},"30":{"start":{"line":72,"column":2},"end":{"line":72,"column":55}},"31":{"start":{"line":72,"column":33},"end":{"line":72,"column":55}},"32":{"start":{"line":74,"column":28},"end":{"line":82,"column":4}},"33":{"start":{"line":75,"column":18},"end":{"line":75,"column":55}},"34":{"start":{"line":76,"column":4},"end":{"line":81,"column":6}},"35":{"start":{"line":85,"column":2},"end":{"line":85,"column":79}},"36":{"start":{"line":85,"column":42},"end":{"line":85,"column":77}}},"fnMap":{"0":{"name":"(anonymous_0)","decl":{"start":{"line":8,"column":37},"end":{"line":8,"column":38}},"loc":{"start":{"line":8,"column":63},"end":{"line":65,"column":1}},"line":8},"1":{"name":"(anonymous_1)","decl":{"start":{"line":32,"column":28},"end":{"line":32,"column":29}},"loc":{"start":{"line":32,"column":45},"end":{"line":41,"column":5}},"line":32},"2":{"name":"(anonymous_2)","decl":{"start":{"line":35,"column":13},"end":{"line":35,"column":17}},"loc":{"start":{"line":35,"column":21},"end":{"line":39,"column":9}},"line":35},"3":{"name":"(anonymous_3)","decl":{"start":{"line":48,"column":31},"end":{"line":48,"column":32}},"loc":{"start":{"line":48,"column":36},"end":{"line":48,"column":58}},"line":48},"4":{"name":"(anonymous_4)","decl":{"start":{"line":71,"column":39},"end":{"line":71,"column":40}},"loc":{"start":{"line":71,"column":66},"end":{"line":86,"column":1}},"line":71},"5":{"name":"(anonymous_5)","decl":{"start":{"line":74,"column":41},"end":{"line":74,"column":42}},"loc":{"start":{"line":74,"column":46},"end":{"line":82,"column":3}},"line":74},"6":{"name":"(anonymous_6)","decl":{"start":{"line":85,"column":32},"end":{"line":85,"column":33}},"loc":{"start":{"line":85,"column":42},"end":{"line":85,"column":77}},"line":85}},"branchMap":{"0":{"loc":{"start":{"line":17,"column":2},"end":{"line":27,"column":3}},"type":"if","locations":[{"start":{"line":17,"column":2},"end":{"line":27,"column":3}},{"start":{},"end":{}}],"line":17},"1":{"loc":{"start":{"line":17,"column":6},"end":{"line":17,"column":63}},"type":"binary-expr","locations":[{"start":{"line":17,"column":6},"end":{"line":17,"column":39}},{"start":{"line":17,"column":43},"end":{"line":17,"column":63}}],"line":17},"2":{"loc":{"start":{"line":19,"column":23},"end":{"line":21,"column":10}},"type":"cond-expr","locations":[{"start":{"line":20,"column":8},"end":{"line":20,"column":52}},{"start":{"line":21,"column":8},"end":{"line":21,"column":10}}],"line":19},"3":{"loc":{"start":{"line":24,"column":4},"end":{"line":26,"column":5}},"type":"if","locations":[{"start":{"line":24,"column":4},"end":{"line":26,"column":5}},{"start":{},"end":{}}],"line":24},"4":{"loc":{"start":{"line":30,"column":2},"end":{"line":58,"column":3}},"type":"if","locations":[{"start":{"line":30,"column":2},"end":{"line":58,"column":3}},{"start":{},"end":{}}],"line":30},"5":{"loc":{"start":{"line":30,"column":6},"end":{"line":30,"column":44}},"type":"binary-expr","locations":[{"start":{"line":30,"column":6},"end":{"line":30,"column":25}},{"start":{"line":30,"column":29},"end":{"line":30,"column":44}}],"line":30},"6":{"loc":{"start":{"line":33,"column":6},"end":{"line":33,"column":49}},"type":"if","locations":[{"start":{"line":33,"column":6},"end":{"line":33,"column":49}},{"start":{},"end":{}}],"line":33},"7":{"loc":{"start":{"line":36,"column":10},"end":{"line":36,"column":66}},"type":"if","locations":[{"start":{"line":36,"column":10},"end":{"line":36,"column":66}},{"start":{},"end":{}}],"line":36},"8":{"loc":{"start":{"line":37,"column":10},"end":{"line":37,"column":84}},"type":"if","locations":[{"start":{"line":37,"column":10},"end":{"line":37,"column":84}},{"start":{},"end":{}}],"line":37},"9":{"loc":{"start":{"line":37,"column":14},"end":{"line":37,"column":51}},"type":"binary-expr","locations":[{"start":{"line":37,"column":14},"end":{"line":37,"column":38}},{"start":{"line":37,"column":42},"end":{"line":37,"column":51}}],"line":37},"10":{"loc":{"start":{"line":55,"column":4},"end":{"line":57,"column":5}},"type":"if","locations":[{"start":{"line":55,"column":4},"end":{"line":57,"column":5}},{"start":{},"end":{}}],"line":55},"11":{"loc":{"start":{"line":72,"column":2},"end":{"line":72,"column":55}},"type":"if","locations":[{"start":{"line":72,"column":2},"end":{"line":72,"column":55}},{"start":{},"end":{}}],"line":72},"12":{"loc":{"start":{"line":72,"column":6},"end":{"line":72,"column":31}},"type":"binary-expr","locations":[{"start":{"line":72,"column":6},"end":{"line":72,"column":15}},{"start":{"line":72,"column":19},"end":{"line":72,"column":31}}],"line":72},"13":{"loc":{"start":{"line":72,"column":40},"end":{"line":72,"column":54}},"type":"binary-expr","locations":[{"start":{"line":72,"column":40},"end":{"line":72,"column":48}},{"start":{"line":72,"column":52},"end":{"line":72,"column":54}}],"line":72}},"s":{"0":1,"1":12,"2":12,"3":12,"4":12,"5":12,"6":9,"7":9,"8":9,"9":6,"10":12,"11":9,"12":18,"13":0,"14":18,"15":30,"16":25,"17":5,"18":3,"19":2,"20":9,"21":9,"22":9,"23":14,"24":9,"25":9,"26":9,"27":12,"28":12,"29":1,"30":3,"31":2,"32":1,"33":3,"34":3,"35":1,"36":4},"f":{"0":12,"1":18,"2":30,"3":14,"4":3,"5":3,"6":4},"b":{"0":[9,3],"1":[12,9],"2":[9,0],"3":[6,3],"4":[9,3],"5":[12,9],"6":[0,18],"7":[25,5],"8":[3,2],"9":[5,4],"10":[9,0],"11":[2,1],"12":[3,2],"13":[2,1]},"meta":{"lastBranch":14,"lastFunction":7,"lastStatement":37,"seen":{"s:8:37:65:1":0,"f:8:37:8:38":0,"s:10:26:10:29":1,"s:11:24:11:27":2,"s:13:22:13:23":3,"s:14:20:14:21":4,"b:17:2:27:3:undefined:undefined:undefined:undefined":0,"s:17:2:27:3":5,"b:17:6:17:39:17:43:17:63":1,"s:19:23:21:10":6,"b:20:8:20:52:21:8:21:10":2,"s:22:25:22:52":7,"b:24:4:26:5:undefined:undefined:undefined:undefined":3,"s:24:4:26:5":8,"s:25:6:25:26":9,"b:30:2:58:3:undefined:undefined:undefined:undefined":4,"s:30:2:58:3":10,"b:30:6:30:25:30:29:30:44":5,"s:32:28:41:5":11,"f:32:28:32:29":1,"b:33:6:33:49:undefined:undefined:undefined:undefined":6,"s:33:6:33:49":12,"s:33:39:33:49":13,"s:34:6:40:25":14,"f:35:13:35:17":2,"b:36:10:36:66:undefined:undefined:undefined:undefined":7,"s:36:10:36:66":15,"s:36:40:36:66":16,"b:37:10:37:84:undefined:undefined:undefined:undefined":8,"s:37:10:37:84":17,"b:37:14:37:38:37:42:37:51":9,"s:37:53:37:84":18,"s:38:10:38:22":19,"s:43:25:43:69":20,"s:44:28:44:68":21,"s:47:25:49:5":22,"f:48:31:48:32":3,"s:48:36:48:58":23,"s:52:18:52:64":24,"b:55:4:57:5:undefined:undefined:undefined:undefined":10,"s:55:4:57:5":25,"s:56:6:56:51":26,"s:62:21:62:86":27,"s:64:2:64:20":28,"s:71:39:86:1":29,"f:71:39:71:40":4,"b:72:2:72:55:undefined:undefined:undefined:undefined":11,"s:72:2:72:55":30,"b:72:6:72:15:72:19:72:31":12,"s:72:33:72:55":31,"b:72:40:72:48:72:52:72:54":13,"s:74:28:82:4":32,"f:74:41:74:42":5,"s:75:18:75:55":33,"s:76:4:81:6":34,"s:85:2:85:79":35,"f:85:32:85:33":6,"s:85:42:85:77":36}}}
}
